<?xml version="1.0" encoding="UTF-8"?>
<!-- Generated by org.testng.reporters.JUnitXMLReporter -->
<testsuite ignored="0" hostname="N7076" failures="3" tests="11" name="Surefire test" time="97.894" errors="0" timestamp="2024-07-12T17:06:12 SGT">
  <testcase classname="com.silverlake.test.LoginTest" name="invalidLoginTest" time="2.492">
    <failure type="java.lang.AssertionError" message="expected [Invalid username or password] but found [OpenEMR Login]">
      <![CDATA[java.lang.AssertionError: expected [Invalid username or password] but found [OpenEMR Login]
at com.silverlake.test.LoginTest.invalidLoginTest(LoginTest.java:64)
at java.base/java.util.ArrayList.forEach(ArrayList.java:1541)
... Removed 38 stack frames]]>
    </failure>
  </testcase> <!-- invalidLoginTest -->
  <testcase classname="com.silverlake.test.LoginTest" name="invalidLoginTest" time="3.255">
    <failure type="java.lang.AssertionError" message="expected [Invalid username or password] but found [OpenEMR Login]">
      <![CDATA[java.lang.AssertionError: expected [Invalid username or password] but found [OpenEMR Login]
at com.silverlake.test.LoginTest.invalidLoginTest(LoginTest.java:64)
at java.base/java.util.ArrayList.forEach(ArrayList.java:1541)
... Removed 38 stack frames]]>
    </failure>
  </testcase> <!-- invalidLoginTest -->
  <testcase classname="com.silverlake.test.LoginTest" name="validLoginTest" time="9.507"/>
  <testcase classname="com.silverlake.test.LoginTest" name="validLoginTest" time="10.006"/>
  <testcase classname="com.silverlake.test.LoginTest" name="validLoginTest" time="11.119"/>
  <testcase classname="com.silverlake.test.LoginTest" name="validLoginTest" time="2.978">
    <failure type="java.lang.AssertionError" message="expected [Testing] but found [OpenEMR Login]">
      <![CDATA[java.lang.AssertionError: expected [Testing] but found [OpenEMR Login]
at com.silverlake.test.LoginTest.validLoginTest(LoginTest.java:48)
at java.base/java.util.ArrayList.forEach(ArrayList.java:1541)
... Removed 38 stack frames]]>
    </failure>
  </testcase> <!-- validLoginTest -->
  <testcase classname="com.silverlake.test.LoginUITest" name="applicationDescriptionTest" time="0.062"/>
  <testcase classname="com.silverlake.test.LoginUITest" name="titleTest" time="0.014"/>
  <testcase classname="com.silverlake.test.ZDemo1Test" name="demoValidTest" time="0.001"/>
  <testcase classname="com.silverlake.test.ZDemo1Test" name="demoValidTest" time="0.0"/>
  <testcase classname="com.silverlake.test.ZDemo1Test" name="demoValidTest" time="0.0"/>
</testsuite> <!-- Surefire test -->
